INFO Dataset pdb_2024_2026: 269 entries marked download_failed
INFO Retrying 269 entries with CIF.gz…
INFO OK  7GUS → 7GUS.pdb.gz (27.8 KB)
/Users/ram/miniconda3/lib/python3.13/site-packages/Bio/PDB/StructureBuilder.py:100: PDBConstructionWarning: WARNING: Chain A is discontinuous at line 1176.
  warnings.warn(
INFO OK  7GUX → 7GUX.pdb.gz (27.8 KB)
/Users/ram/miniconda3/lib/python3.13/site-packages/Bio/PDB/StructureBuilder.py:100: PDBConstructionWarning: WARNING: Chain A is discontinuous at line 1176.
  warnings.warn(
INFO OK  7GUV → 7GUV.pdb.gz (27.8 KB)
/Users/ram/miniconda3/lib/python3.13/site-packages/Bio/PDB/StructureBuilder.py:100: PDBConstructionWarning: WARNING: Chain D is discontinuous at line 1196.
  warnings.warn(
/Users/ram/miniconda3/lib/python3.13/site-packages/Bio/PDB/StructureBuilder.py:100: PDBConstructionWarning: WARNING: Chain A is discontinuous at line 1200.
  warnings.warn(
/Users/ram/miniconda3/lib/python3.13/site-packages/Bio/PDB/StructureBuilder.py:100: PDBConstructionWarning: WARNING: Chain D is discontinuous at line 1375.
  warnings.warn(
INFO OK  7GUU → 7GUU.pdb.gz (27.9 KB)
INFO OK  7GUT → 7GUT.pdb.gz (27.8 KB)
INFO OK  7GUW → 7GUW.pdb.gz (27.8 KB)
INFO OK  7GV0 → 7GV0.pdb.gz (27.8 KB)
INFO OK  7GV2 → 7GV2.pdb.gz (27.9 KB)
INFO OK  7GUZ → 7GUZ.pdb.gz (27.9 KB)
INFO OK  7GV3 → 7GV3.pdb.gz (27.9 KB)
INFO OK  7GUY → 7GUY.pdb.gz (27.9 KB)
INFO OK  7GV1 → 7GV1.pdb.gz (27.8 KB)
INFO OK  7GV7 → 7GV7.pdb.gz (26.5 KB)
INFO OK  7GV5 → 7GV5.pdb.gz (27.9 KB)
INFO OK  7GV8 → 7GV8.pdb.gz (26.5 KB)
INFO OK  7GV4 → 7GV4.pdb.gz (27.9 KB)
INFO OK  7GV6 → 7GV6.pdb.gz (27.9 KB)
INFO OK  7GV9 → 7GV9.pdb.gz (26.6 KB)
INFO OK  7GVC → 7GVC.pdb.gz (26.5 KB)
INFO OK  7GVD → 7GVD.pdb.gz (26.6 KB)
INFO OK  7GVE → 7GVE.pdb.gz (26.6 KB)
INFO OK  7GVB → 7GVB.pdb.gz (26.6 KB)
INFO OK  7GVA → 7GVA.pdb.gz (26.6 KB)
INFO OK  7GVF → 7GVF.pdb.gz (26.6 KB)
INFO OK  7GVH → 7GVH.pdb.gz (26.6 KB)
INFO OK  7GVK → 7GVK.pdb.gz (26.7 KB)
INFO OK  7GVJ → 7GVJ.pdb.gz (26.7 KB)
INFO OK  7GVI → 7GVI.pdb.gz (26.7 KB)
INFO OK  7GVG → 7GVG.pdb.gz (26.6 KB)
INFO OK  7GVL → 7GVL.pdb.gz (26.7 KB)
INFO OK  7GVQ → 7GVQ.pdb.gz (24.9 KB)
INFO OK  7GVP → 7GVP.pdb.gz (24.9 KB)
INFO OK  7GVO → 7GVO.pdb.gz (24.9 KB)
INFO OK  7GVM → 7GVM.pdb.gz (24.9 KB)
INFO OK  7GVR → 7GVR.pdb.gz (24.9 KB)
INFO OK  7GVN → 7GVN.pdb.gz (24.9 KB)
INFO OK  7GVT → 7GVT.pdb.gz (24.9 KB)
INFO OK  7GVS → 7GVS.pdb.gz (24.9 KB)
INFO OK  7GVU → 7GVU.pdb.gz (24.9 KB)
INFO OK  7GVV → 7GVV.pdb.gz (24.9 KB)
INFO OK  7GVW → 7GVW.pdb.gz (25.0 KB)
INFO OK  7GVX → 7GVX.pdb.gz (24.9 KB)
INFO OK  7GVY → 7GVY.pdb.gz (24.9 KB)
INFO OK  7GW0 → 7GW0.pdb.gz (25.0 KB)
INFO OK  7GW2 → 7GW2.pdb.gz (27.4 KB)
INFO OK  7GVZ → 7GVZ.pdb.gz (24.9 KB)
INFO OK  7GW3 → 7GW3.pdb.gz (27.4 KB)
INFO OK  7GW1 → 7GW1.pdb.gz (27.3 KB)
INFO OK  7GW6 → 7GW6.pdb.gz (27.5 KB)
INFO OK  7GW4 → 7GW4.pdb.gz (27.5 KB)
INFO OK  7GW7 → 7GW7.pdb.gz (27.4 KB)
INFO OK  7GW8 → 7GW8.pdb.gz (27.4 KB)
INFO OK  7GW9 → 7GW9.pdb.gz (27.5 KB)
INFO OK  7GW5 → 7GW5.pdb.gz (27.5 KB)
INFO OK  7GWA → 7GWA.pdb.gz (27.5 KB)
INFO OK  7GWB → 7GWB.pdb.gz (27.6 KB)
INFO OK  7GWE → 7GWE.pdb.gz (27.5 KB)
INFO OK  7GWD → 7GWD.pdb.gz (27.6 KB)
INFO OK  7GWC → 7GWC.pdb.gz (27.5 KB)
INFO OK  7GWF → 7GWF.pdb.gz (27.5 KB)
INFO OK  7GWG → 7GWG.pdb.gz (25.7 KB)
INFO OK  7GWJ → 7GWJ.pdb.gz (25.7 KB)
INFO OK  7GWI → 7GWI.pdb.gz (25.8 KB)
INFO OK  7GWH → 7GWH.pdb.gz (25.8 KB)
INFO OK  7GWL → 7GWL.pdb.gz (25.8 KB)
INFO OK  7GWK → 7GWK.pdb.gz (25.8 KB)
INFO OK  7GWP → 7GWP.pdb.gz (25.8 KB)
INFO OK  7GWM → 7GWM.pdb.gz (25.8 KB)
INFO OK  7GWO → 7GWO.pdb.gz (25.9 KB)
INFO OK  7GWN → 7GWN.pdb.gz (25.8 KB)
INFO OK  7GWR → 7GWR.pdb.gz (25.8 KB)
INFO OK  7GWQ → 7GWQ.pdb.gz (25.8 KB)
INFO OK  7GWS → 7GWS.pdb.gz (25.8 KB)
INFO OK  7GWW → 7GWW.pdb.gz (27.3 KB)
INFO OK  7GWT → 7GWT.pdb.gz (25.9 KB)
INFO OK  7GWV → 7GWV.pdb.gz (27.2 KB)
INFO OK  7GWU → 7GWU.pdb.gz (25.9 KB)
INFO OK  7GWX → 7GWX.pdb.gz (27.4 KB)
INFO OK  7GWZ → 7GWZ.pdb.gz (27.3 KB)
INFO OK  7GWY → 7GWY.pdb.gz (27.3 KB)
INFO OK  7GX0 → 7GX0.pdb.gz (27.3 KB)
INFO OK  7GX1 → 7GX1.pdb.gz (27.3 KB)
INFO OK  7GX3 → 7GX3.pdb.gz (27.3 KB)
INFO OK  7GX2 → 7GX2.pdb.gz (27.3 KB)
INFO OK  7GX5 → 7GX5.pdb.gz (27.3 KB)
INFO OK  7GX4 → 7GX4.pdb.gz (27.3 KB)
INFO OK  7GX6 → 7GX6.pdb.gz (27.4 KB)
INFO OK  7GX8 → 7GX8.pdb.gz (27.4 KB)
INFO OK  7GX9 → 7GX9.pdb.gz (27.3 KB)
INFO OK  7GX7 → 7GX7.pdb.gz (27.3 KB)
INFO OK  7GXD → 7GXD.pdb.gz (25.8 KB)
INFO OK  7GXE → 7GXE.pdb.gz (25.9 KB)
INFO OK  7GXC → 7GXC.pdb.gz (25.8 KB)
INFO OK  7GXB → 7GXB.pdb.gz (25.8 KB)
INFO OK  7GXA → 7GXA.pdb.gz (25.8 KB)
INFO OK  7GXF → 7GXF.pdb.gz (25.9 KB)
INFO OK  7GXI → 7GXI.pdb.gz (25.9 KB)
INFO OK  7GXH → 7GXH.pdb.gz (25.9 KB)
INFO OK  7GXG → 7GXG.pdb.gz (25.8 KB)
INFO OK  7GXJ → 7GXJ.pdb.gz (25.9 KB)
INFO OK  7GXL → 7GXL.pdb.gz (25.9 KB)
INFO OK  7GXK → 7GXK.pdb.gz (26.0 KB)
INFO OK  7GXN → 7GXN.pdb.gz (25.9 KB)
INFO OK  7GXO → 7GXO.pdb.gz (26.0 KB)
INFO OK  7GXM → 7GXM.pdb.gz (26.0 KB)
INFO OK  7GXP → 7GXP.pdb.gz (26.4 KB)
INFO OK  7GXR → 7GXR.pdb.gz (26.4 KB)
INFO OK  7GXQ → 7GXQ.pdb.gz (26.4 KB)
INFO OK  7GXS → 7GXS.pdb.gz (26.4 KB)
INFO OK  7GXT → 7GXT.pdb.gz (26.5 KB)
INFO OK  7GXV → 7GXV.pdb.gz (26.4 KB)
INFO OK  7GXW → 7GXW.pdb.gz (26.5 KB)
INFO OK  7GXU → 7GXU.pdb.gz (26.4 KB)
INFO OK  7GXX → 7GXX.pdb.gz (26.5 KB)
INFO OK  7GXY → 7GXY.pdb.gz (26.4 KB)
INFO OK  7GY1 → 7GY1.pdb.gz (26.5 KB)
INFO OK  7GY2 → 7GY2.pdb.gz (26.5 KB)
INFO OK  7GXZ → 7GXZ.pdb.gz (26.5 KB)
INFO OK  7GY0 → 7GY0.pdb.gz (26.5 KB)
INFO OK  7GY3 → 7GY3.pdb.gz (26.4 KB)
WARNING 8C30: CIF→PDB conversion failed: Chain id ('AAA') exceeds PDB format limit.
INFO OK  8GCG → 8GCG.pdb.gz (31.9 KB)
INFO OK  8PQO → 8PQO.pdb.gz (47.4 KB)
INFO OK  8PI3 → 8PI3.pdb.gz (70.2 KB)
INFO OK  8Q23 → 8Q23.pdb.gz (144.1 KB)
INFO OK  8RND → 8RND.pdb.gz (70.0 KB)
WARNING 8RTZ: CIF→PDB conversion failed: Chain id ('AAA') exceeds PDB format limit.
INFO OK  8RSU → 8RSU.pdb.gz (60.5 KB)
WARNING 8S1R: CIF→PDB conversion failed: Chain id ('AAA') exceeds PDB format limit.
INFO OK  8RSV → 8RSV.pdb.gz (120.1 KB)
INFO OK  8S42 → 8S42.pdb.gz (42.9 KB)
WARNING 8R8B: CIF→PDB conversion failed: Chain id ('AAA') exceeds PDB format limit.
INFO OK  8VJD → 8VJD.pdb.gz (53.7 KB)
INFO OK  8VJE → 8VJE.pdb.gz (28.4 KB)
INFO OK  8V4X → 8V4X.pdb.gz (344.3 KB)
INFO OK  8VJP → 8VJP.pdb.gz (30.7 KB)
INFO OK  8W6Z → 8W6Z.pdb.gz (67.9 KB)
INFO OK  8VKZ → 8VKZ.pdb.gz (82.9 KB)
INFO OK  8YT6 → 8YT6.pdb.gz (43.0 KB)
INFO OK  8YT9 → 8YT9.pdb.gz (45.4 KB)
INFO OK  8YTL → 8YTL.pdb.gz (43.9 KB)
INFO OK  8YWV → 8YWV.pdb.gz (44.1 KB)
INFO OK  8YU8 → 8YU8.pdb.gz (45.2 KB)
INFO OK  8YWU → 8YWU.pdb.gz (45.1 KB)
INFO OK  9BC4 → 9BC4.pdb.gz (74.9 KB)
INFO OK  9CY8 → 9CY8.pdb.gz (30.6 KB)
INFO OK  9C2Y → 9C2Y.pdb.gz (151.7 KB)
INFO OK  9BC1 → 9BC1.pdb.gz (98.4 KB)
INFO OK  9CS2 → 9CS2.pdb.gz (69.0 KB)
INFO OK  9DIN → 9DIN.pdb.gz (24.7 KB)
INFO OK  9DOM → 9DOM.pdb.gz (89.9 KB)
INFO OK  9DXV → 9DXV.pdb.gz (45.9 KB)
INFO OK  9EOU → 9EOU.pdb.gz (54.7 KB)
INFO OK  9EZ1 → 9EZ1.pdb.gz (42.4 KB)
INFO OK  9DXB → 9DXB.pdb.gz (44.7 KB)
INFO OK  9E7A → 9E7A.pdb.gz (180.7 KB)
INFO OK  9EZ2 → 9EZ2.pdb.gz (43.7 KB)
INFO OK  9FVG → 9FVG.pdb.gz (42.6 KB)
INFO OK  9FVH → 9FVH.pdb.gz (42.5 KB)
INFO OK  9FBM → 9FBM.pdb.gz (186.0 KB)
INFO OK  9FVI → 9FVI.pdb.gz (41.3 KB)
INFO OK  9FBL → 9FBL.pdb.gz (173.5 KB)
INFO OK  9FVN → 9FVN.pdb.gz (40.3 KB)
INFO OK  9FBI → 9FBI.pdb.gz (224.1 KB)
INFO OK  9FVP → 9FVP.pdb.gz (39.9 KB)
INFO OK  9FXX → 9FXX.pdb.gz (67.7 KB)
INFO OK  9FW8 → 9FW8.pdb.gz (41.8 KB)
INFO OK  9GAJ → 9GAJ.pdb.gz (50.3 KB)
INFO OK  9G13 → 9G13.pdb.gz (170.3 KB)
INFO OK  9GAK → 9GAK.pdb.gz (47.2 KB)
INFO OK  9GFA → 9GFA.pdb.gz (40.2 KB)
INFO OK  9GAM → 9GAM.pdb.gz (51.0 KB)
INFO OK  9GC7 → 9GC7.pdb.gz (47.7 KB)
INFO OK  9GGA → 9GGA.pdb.gz (37.8 KB)
INFO OK  9GFI → 9GFI.pdb.gz (39.4 KB)
INFO OK  9GY8 → 9GY8.pdb.gz (41.8 KB)
INFO OK  9GFK → 9GFK.pdb.gz (78.0 KB)
INFO OK  9GH7 → 9GH7.pdb.gz (103.4 KB)
INFO OK  9GYC → 9GYC.pdb.gz (41.7 KB)
INFO OK  9HGP → 9HGP.pdb.gz (51.7 KB)
INFO OK  9GYA → 9GYA.pdb.gz (44.7 KB)
INFO OK  9GYK → 9GYK.pdb.gz (42.3 KB)
INFO OK  9GYJ → 9GYJ.pdb.gz (42.7 KB)
WARNING 9GXE: CIF→PDB conversion failed: Chain id ('AA') exceeds PDB format limit.
INFO OK  9I6V → 9I6V.pdb.gz (44.7 KB)
INFO OK  9I6S → 9I6S.pdb.gz (43.3 KB)
INFO OK  9I6X → 9I6X.pdb.gz (44.3 KB)
INFO OK  9I6W → 9I6W.pdb.gz (44.8 KB)
INFO OK  9I6U → 9I6U.pdb.gz (45.1 KB)
INFO OK  9I6T → 9I6T.pdb.gz (45.4 KB)
INFO OK  9I6Y → 9I6Y.pdb.gz (44.8 KB)
INFO OK  9I6Z → 9I6Z.pdb.gz (45.2 KB)
INFO OK  9I70 → 9I70.pdb.gz (44.5 KB)
INFO OK  9I71 → 9I71.pdb.gz (45.2 KB)
INFO OK  9I72 → 9I72.pdb.gz (44.2 KB)
INFO OK  9I73 → 9I73.pdb.gz (45.8 KB)
INFO OK  9I74 → 9I74.pdb.gz (45.0 KB)
INFO OK  9IM7 → 9IM7.pdb.gz (37.2 KB)
INFO OK  9KNC → 9KNC.pdb.gz (39.1 KB)
INFO OK  9I75 → 9I75.pdb.gz (45.4 KB)
INFO OK  9KNF → 9KNF.pdb.gz (39.5 KB)
INFO OK  9KNG → 9KNG.pdb.gz (40.8 KB)
INFO OK  9L25 → 9L25.pdb.gz (120.3 KB)
INFO OK  9M11 → 9M11.pdb.gz (42.9 KB)
INFO OK  9M10 → 9M10.pdb.gz (42.7 KB)
INFO OK  9M12 → 9M12.pdb.gz (90.5 KB)
INFO OK  9M14 → 9M14.pdb.gz (43.8 KB)
INFO OK  9M13 → 9M13.pdb.gz (46.2 KB)
INFO OK  9M15 → 9M15.pdb.gz (43.6 KB)
INFO OK  9M19 → 9M19.pdb.gz (43.2 KB)
INFO OK  9M18 → 9M18.pdb.gz (44.3 KB)
INFO OK  9M1B → 9M1B.pdb.gz (45.2 KB)
INFO OK  9M17 → 9M17.pdb.gz (46.5 KB)
INFO OK  9M16 → 9M16.pdb.gz (47.4 KB)
INFO OK  9M1A → 9M1A.pdb.gz (46.1 KB)
INFO OK  9M1C → 9M1C.pdb.gz (45.2 KB)
INFO OK  9O9N → 9O9N.pdb.gz (43.5 KB)
INFO OK  9M1D → 9M1D.pdb.gz (48.5 KB)
INFO OK  9O91 → 9O91.pdb.gz (91.4 KB)
INFO OK  9NFS → 9NFS.pdb.gz (138.1 KB)
INFO OK  9OHQ → 9OHQ.pdb.gz (94.5 KB)
INFO OK  9OHR → 9OHR.pdb.gz (86.1 KB)
WARNING Failed to fetch 9PUZ: HTTPSConnectionPool(host='files.rcsb.org', port=443): Read timed out. (read timeout=60)
WARNING Failed to fetch 9PUT: HTTPSConnectionPool(host='files.rcsb.org', port=443): Read timed out. (read timeout=60)
WARNING Failed to fetch 9PVE: HTTPSConnectionPool(host='files.rcsb.org', port=443): Read timed out. (read timeout=60)
WARNING Failed to fetch 9PVF: HTTPSConnectionPool(host='files.rcsb.org', port=443): Read timed out. (read timeout=60)
WARNING Failed to fetch 9PU1: HTTPSConnectionPool(host='files.rcsb.org', port=443): Read timed out. (read timeout=60)
WARNING Failed to fetch 9PC1: HTTPSConnectionPool(host='files.rcsb.org', port=443): Read timed out. (read timeout=60)
WARNING Failed to fetch 9PUQ: HTTPSConnectionPool(host='files.rcsb.org', port=443): Read timed out. (read timeout=60)
WARNING Failed to fetch 9PUN: HTTPSConnectionPool(host='files.rcsb.org', port=443): Read timed out. (read timeout=60)
INFO OK  9QX6 → 9QX6.pdb.gz (38.7 KB)
INFO OK  9RAP → 9RAP.pdb.gz (48.3 KB)
INFO OK  9RCG → 9RCG.pdb.gz (44.1 KB)
INFO OK  9RMR → 9RMR.pdb.gz (36.7 KB)
INFO OK  9S23 → 9S23.pdb.gz (45.6 KB)
INFO OK  9S24 → 9S24.pdb.gz (49.6 KB)
INFO OK  9S26 → 9S26.pdb.gz (48.4 KB)
INFO OK  9S25 → 9S25.pdb.gz (47.6 KB)
INFO OK  9S70 → 9S70.pdb.gz (34.8 KB)
INFO OK  9S27 → 9S27.pdb.gz (49.1 KB)
INFO OK  9SAB → 9SAB.pdb.gz (83.0 KB)
INFO OK  9S71 → 9S71.pdb.gz (35.7 KB)
INFO OK  9SMQ → 9SMQ.pdb.gz (42.8 KB)
INFO OK  9T5S → 9T5S.pdb.gz (183.7 KB)
INFO OK  9TA5 → 9TA5.pdb.gz (44.0 KB)
INFO OK  9TPH → 9TPH.pdb.gz (44.6 KB)
INFO OK  9TPI → 9TPI.pdb.gz (44.1 KB)
INFO OK  9V8F → 9V8F.pdb.gz (46.5 KB)
INFO OK  9VNX → 9VNX.pdb.gz (44.6 KB)
INFO OK  9VOG → 9VOG.pdb.gz (46.5 KB)
INFO OK  9VOI → 9VOI.pdb.gz (43.4 KB)
INFO OK  9VOH → 9VOH.pdb.gz (42.4 KB)
INFO OK  9VOJ → 9VOJ.pdb.gz (41.6 KB)
INFO OK  9VOK → 9VOK.pdb.gz (41.0 KB)
INFO OK  9VOL → 9VOL.pdb.gz (44.4 KB)
INFO OK  9VPQ → 9VPQ.pdb.gz (82.8 KB)
INFO OK  9X2U → 9X2U.pdb.gz (120.3 KB)
INFO OK  9X2Q → 9X2Q.pdb.gz (125.3 KB)
INFO OK  9X2V → 9X2V.pdb.gz (63.4 KB)
INFO OK  9X2W → 9X2W.pdb.gz (119.7 KB)
INFO OK  9X2X → 9X2X.pdb.gz (124.5 KB)
INFO OK  9X2Y → 9X2Y.pdb.gz (121.1 KB)
INFO OK  9Y6C → 9Y6C.pdb.gz (54.7 KB)
INFO OK  9XMJ → 9XMJ.pdb.gz (158.7 KB)
INFO OK  9Z3V → 9Z3V.pdb.gz (55.5 KB)
WARNING Failed to fetch 9QBS: HTTPSConnectionPool(host='files.rcsb.org', port=443): Read timed out. (read timeout=60)
WARNING Failed to fetch 9QBT: HTTPSConnectionPool(host='files.rcsb.org', port=443): Read timed out. (read timeout=60)
WARNING Failed to fetch 9QOG: HTTPSConnectionPool(host='files.rcsb.org', port=443): Read timed out. (read timeout=60)
WARNING Failed to fetch 9QDU: HTTPSConnectionPool(host='files.rcsb.org', port=443): Read timed out. (read timeout=60)
INFO Retry complete: 252 recovered, 17 still failing
INFO Still failing: ['8C30', '8RTZ', '8S1R', '8R8B', '9GXE', '9PUZ', '9PUT', '9PVE', '9PVF', '9PU1']

pdb_2024_2026: 646 entries now included in manifest
